{"C:\\Users\\Natalia\\Desktop\\AList\\AList.js": {"path":"C:\\Users\\Natalia\\Desktop\\AList\\AList.js","all":false,"statementMap":{"0":{"start":{"line":1,"column":0},"end":{"line":1,"column":31}},"1":{"start":{"line":2,"column":0},"end":{"line":2,"column":0}},"2":{"start":{"line":3,"column":0},"end":{"line":3,"column":33}},"3":{"start":{"line":4,"column":0},"end":{"line":4,"column":31}},"4":{"start":{"line":5,"column":0},"end":{"line":5,"column":18}},"5":{"start":{"line":6,"column":0},"end":{"line":6,"column":20}},"6":{"start":{"line":7,"column":0},"end":{"line":7,"column":31}},"7":{"start":{"line":8,"column":0},"end":{"line":8,"column":25}},"8":{"start":{"line":9,"column":0},"end":{"line":9,"column":29}},"9":{"start":{"line":10,"column":0},"end":{"line":10,"column":52}},"10":{"start":{"line":11,"column":0},"end":{"line":11,"column":55}},"11":{"start":{"line":12,"column":0},"end":{"line":12,"column":44}},"12":{"start":{"line":13,"column":0},"end":{"line":13,"column":50}},"13":{"start":{"line":14,"column":0},"end":{"line":14,"column":45}},"14":{"start":{"line":15,"column":0},"end":{"line":15,"column":33}},"15":{"start":{"line":16,"column":0},"end":{"line":16,"column":16}},"16":{"start":{"line":17,"column":0},"end":{"line":17,"column":49}},"17":{"start":{"line":18,"column":0},"end":{"line":18,"column":9}},"18":{"start":{"line":19,"column":0},"end":{"line":19,"column":9}},"19":{"start":{"line":20,"column":0},"end":{"line":20,"column":0}},"20":{"start":{"line":21,"column":0},"end":{"line":21,"column":38}},"21":{"start":{"line":22,"column":0},"end":{"line":22,"column":90}},"22":{"start":{"line":23,"column":0},"end":{"line":23,"column":53}},"23":{"start":{"line":24,"column":0},"end":{"line":24,"column":40}},"24":{"start":{"line":25,"column":0},"end":{"line":25,"column":9}},"25":{"start":{"line":26,"column":0},"end":{"line":26,"column":30}},"26":{"start":{"line":27,"column":0},"end":{"line":27,"column":6}},"27":{"start":{"line":28,"column":0},"end":{"line":28,"column":0}},"28":{"start":{"line":29,"column":0},"end":{"line":29,"column":37}},"29":{"start":{"line":30,"column":0},"end":{"line":30,"column":42}},"30":{"start":{"line":31,"column":0},"end":{"line":31,"column":20}},"31":{"start":{"line":32,"column":0},"end":{"line":32,"column":6}},"32":{"start":{"line":33,"column":0},"end":{"line":33,"column":2}},"33":{"start":{"line":34,"column":0},"end":{"line":34,"column":49}},"34":{"start":{"line":35,"column":0},"end":{"line":35,"column":36}},"35":{"start":{"line":36,"column":0},"end":{"line":36,"column":0}},"36":{"start":{"line":37,"column":0},"end":{"line":37,"column":38}},"37":{"start":{"line":38,"column":0},"end":{"line":38,"column":21}},"38":{"start":{"line":39,"column":0},"end":{"line":39,"column":2}},"39":{"start":{"line":40,"column":0},"end":{"line":40,"column":39}},"40":{"start":{"line":41,"column":0},"end":{"line":41,"column":42}},"41":{"start":{"line":42,"column":0},"end":{"line":42,"column":30}},"42":{"start":{"line":43,"column":0},"end":{"line":43,"column":29}},"43":{"start":{"line":44,"column":0},"end":{"line":44,"column":12}},"44":{"start":{"line":45,"column":0},"end":{"line":45,"column":38}},"45":{"start":{"line":46,"column":0},"end":{"line":46,"column":26}},"46":{"start":{"line":47,"column":0},"end":{"line":47,"column":28}},"47":{"start":{"line":48,"column":0},"end":{"line":48,"column":16}},"48":{"start":{"line":49,"column":0},"end":{"line":49,"column":33}},"49":{"start":{"line":50,"column":0},"end":{"line":50,"column":9}},"50":{"start":{"line":51,"column":0},"end":{"line":51,"column":5}},"51":{"start":{"line":52,"column":0},"end":{"line":52,"column":2}},"52":{"start":{"line":53,"column":0},"end":{"line":53,"column":49}},"53":{"start":{"line":54,"column":0},"end":{"line":54,"column":53}},"54":{"start":{"line":55,"column":0},"end":{"line":55,"column":60}},"55":{"start":{"line":56,"column":0},"end":{"line":56,"column":5}},"56":{"start":{"line":57,"column":0},"end":{"line":57,"column":29}},"57":{"start":{"line":58,"column":0},"end":{"line":58,"column":34}},"58":{"start":{"line":59,"column":0},"end":{"line":59,"column":20}},"59":{"start":{"line":60,"column":0},"end":{"line":60,"column":12}},"60":{"start":{"line":61,"column":0},"end":{"line":61,"column":34}},"61":{"start":{"line":62,"column":0},"end":{"line":62,"column":5}},"62":{"start":{"line":63,"column":0},"end":{"line":63,"column":2}},"63":{"start":{"line":64,"column":0},"end":{"line":64,"column":40}},"64":{"start":{"line":65,"column":0},"end":{"line":65,"column":27}},"65":{"start":{"line":66,"column":0},"end":{"line":66,"column":56}},"66":{"start":{"line":67,"column":0},"end":{"line":67,"column":3}},"67":{"start":{"line":68,"column":0},"end":{"line":68,"column":27}},"68":{"start":{"line":69,"column":0},"end":{"line":69,"column":2}},"69":{"start":{"line":70,"column":0},"end":{"line":70,"column":43}},"70":{"start":{"line":71,"column":0},"end":{"line":71,"column":47}},"71":{"start":{"line":72,"column":0},"end":{"line":72,"column":34}},"72":{"start":{"line":73,"column":0},"end":{"line":73,"column":38}},"73":{"start":{"line":74,"column":0},"end":{"line":74,"column":27}},"74":{"start":{"line":75,"column":0},"end":{"line":75,"column":18}},"75":{"start":{"line":76,"column":0},"end":{"line":76,"column":25}},"76":{"start":{"line":77,"column":0},"end":{"line":77,"column":5}},"77":{"start":{"line":78,"column":0},"end":{"line":78,"column":3}},"78":{"start":{"line":79,"column":0},"end":{"line":79,"column":2}},"79":{"start":{"line":80,"column":0},"end":{"line":80,"column":39}},"80":{"start":{"line":81,"column":0},"end":{"line":81,"column":20}},"81":{"start":{"line":82,"column":0},"end":{"line":82,"column":2}},"82":{"start":{"line":83,"column":0},"end":{"line":83,"column":40}},"83":{"start":{"line":84,"column":0},"end":{"line":84,"column":31}},"84":{"start":{"line":85,"column":0},"end":{"line":85,"column":2}},"85":{"start":{"line":86,"column":0},"end":{"line":86,"column":45}},"86":{"start":{"line":87,"column":0},"end":{"line":87,"column":47}},"87":{"start":{"line":88,"column":0},"end":{"line":88,"column":34}},"88":{"start":{"line":89,"column":0},"end":{"line":89,"column":18}},"89":{"start":{"line":90,"column":0},"end":{"line":90,"column":5}},"90":{"start":{"line":91,"column":0},"end":{"line":91,"column":3}},"91":{"start":{"line":92,"column":0},"end":{"line":92,"column":15}},"92":{"start":{"line":93,"column":0},"end":{"line":93,"column":2}},"93":{"start":{"line":94,"column":0},"end":{"line":94,"column":40}},"94":{"start":{"line":95,"column":0},"end":{"line":95,"column":28}},"95":{"start":{"line":96,"column":0},"end":{"line":96,"column":46}},"96":{"start":{"line":97,"column":0},"end":{"line":97,"column":31}},"97":{"start":{"line":98,"column":0},"end":{"line":98,"column":30}},"98":{"start":{"line":99,"column":0},"end":{"line":99,"column":7}},"99":{"start":{"line":100,"column":0},"end":{"line":100,"column":3}},"100":{"start":{"line":101,"column":0},"end":{"line":101,"column":15}},"101":{"start":{"line":102,"column":0},"end":{"line":102,"column":2}},"102":{"start":{"line":103,"column":0},"end":{"line":103,"column":40}},"103":{"start":{"line":104,"column":0},"end":{"line":104,"column":28}},"104":{"start":{"line":105,"column":0},"end":{"line":105,"column":43}},"105":{"start":{"line":106,"column":0},"end":{"line":106,"column":31}},"106":{"start":{"line":107,"column":0},"end":{"line":107,"column":30}},"107":{"start":{"line":108,"column":0},"end":{"line":108,"column":7}},"108":{"start":{"line":109,"column":0},"end":{"line":109,"column":3}},"109":{"start":{"line":110,"column":0},"end":{"line":110,"column":15}},"110":{"start":{"line":111,"column":0},"end":{"line":111,"column":2}},"111":{"start":{"line":112,"column":0},"end":{"line":112,"column":40}},"112":{"start":{"line":113,"column":0},"end":{"line":113,"column":16}},"113":{"start":{"line":114,"column":0},"end":{"line":114,"column":43}},"114":{"start":{"line":115,"column":0},"end":{"line":115,"column":43}},"115":{"start":{"line":116,"column":0},"end":{"line":116,"column":18}},"116":{"start":{"line":117,"column":0},"end":{"line":117,"column":7}},"117":{"start":{"line":118,"column":0},"end":{"line":118,"column":3}},"118":{"start":{"line":119,"column":0},"end":{"line":119,"column":15}},"119":{"start":{"line":120,"column":0},"end":{"line":120,"column":2}},"120":{"start":{"line":121,"column":0},"end":{"line":121,"column":40}},"121":{"start":{"line":122,"column":0},"end":{"line":122,"column":16}},"122":{"start":{"line":123,"column":0},"end":{"line":123,"column":43}},"123":{"start":{"line":124,"column":0},"end":{"line":124,"column":43}},"124":{"start":{"line":125,"column":0},"end":{"line":125,"column":18}},"125":{"start":{"line":126,"column":0},"end":{"line":126,"column":7}},"126":{"start":{"line":127,"column":0},"end":{"line":127,"column":3}},"127":{"start":{"line":128,"column":0},"end":{"line":128,"column":15}},"128":{"start":{"line":129,"column":0},"end":{"line":129,"column":2}},"129":{"start":{"line":130,"column":0},"end":{"line":130,"column":39}},"130":{"start":{"line":131,"column":0},"end":{"line":131,"column":15}},"131":{"start":{"line":132,"column":0},"end":{"line":132,"column":42}},"132":{"start":{"line":133,"column":0},"end":{"line":133,"column":32}},"133":{"start":{"line":134,"column":0},"end":{"line":134,"column":3}},"134":{"start":{"line":135,"column":0},"end":{"line":135,"column":26}},"135":{"start":{"line":136,"column":0},"end":{"line":136,"column":2}},"136":{"start":{"line":137,"column":0},"end":{"line":137,"column":43}},"137":{"start":{"line":138,"column":0},"end":{"line":138,"column":63}},"138":{"start":{"line":139,"column":0},"end":{"line":139,"column":61}},"139":{"start":{"line":140,"column":0},"end":{"line":140,"column":38}},"140":{"start":{"line":141,"column":0},"end":{"line":141,"column":46}},"141":{"start":{"line":142,"column":0},"end":{"line":142,"column":44}},"142":{"start":{"line":143,"column":0},"end":{"line":143,"column":3}},"143":{"start":{"line":144,"column":0},"end":{"line":144,"column":20}},"144":{"start":{"line":145,"column":0},"end":{"line":145,"column":2}},"145":{"start":{"line":146,"column":0},"end":{"line":146,"column":46}},"146":{"start":{"line":147,"column":0},"end":{"line":147,"column":18}},"147":{"start":{"line":148,"column":0},"end":{"line":148,"column":13}},"148":{"start":{"line":149,"column":0},"end":{"line":149,"column":41}},"149":{"start":{"line":150,"column":0},"end":{"line":150,"column":40}},"150":{"start":{"line":151,"column":0},"end":{"line":151,"column":38}},"151":{"start":{"line":152,"column":0},"end":{"line":152,"column":43}},"152":{"start":{"line":153,"column":0},"end":{"line":153,"column":25}},"153":{"start":{"line":154,"column":0},"end":{"line":154,"column":11}},"154":{"start":{"line":155,"column":0},"end":{"line":155,"column":7}},"155":{"start":{"line":156,"column":0},"end":{"line":156,"column":3}},"156":{"start":{"line":157,"column":0},"end":{"line":157,"column":29}},"157":{"start":{"line":158,"column":0},"end":{"line":158,"column":2}},"158":{"start":{"line":159,"column":0},"end":{"line":159,"column":46}},"159":{"start":{"line":160,"column":0},"end":{"line":160,"column":18}},"160":{"start":{"line":161,"column":0},"end":{"line":161,"column":13}},"161":{"start":{"line":162,"column":0},"end":{"line":162,"column":41}},"162":{"start":{"line":163,"column":0},"end":{"line":163,"column":40}},"163":{"start":{"line":164,"column":0},"end":{"line":164,"column":38}},"164":{"start":{"line":165,"column":0},"end":{"line":165,"column":34}},"165":{"start":{"line":166,"column":0},"end":{"line":166,"column":11}},"166":{"start":{"line":167,"column":0},"end":{"line":167,"column":7}},"167":{"start":{"line":168,"column":0},"end":{"line":168,"column":36}},"168":{"start":{"line":169,"column":0},"end":{"line":169,"column":39}},"169":{"start":{"line":170,"column":0},"end":{"line":170,"column":21}},"170":{"start":{"line":171,"column":0},"end":{"line":171,"column":7}},"171":{"start":{"line":172,"column":0},"end":{"line":172,"column":3}},"172":{"start":{"line":173,"column":0},"end":{"line":173,"column":29}},"173":{"start":{"line":174,"column":0},"end":{"line":174,"column":2}},"174":{"start":{"line":175,"column":0},"end":{"line":175,"column":37}},"175":{"start":{"line":176,"column":0},"end":{"line":176,"column":47}},"176":{"start":{"line":177,"column":0},"end":{"line":177,"column":33}},"177":{"start":{"line":178,"column":0},"end":{"line":178,"column":3}},"178":{"start":{"line":179,"column":0},"end":{"line":179,"column":2}},"179":{"start":{"line":180,"column":0},"end":{"line":180,"column":0}},"180":{"start":{"line":181,"column":0},"end":{"line":181,"column":39}},"181":{"start":{"line":182,"column":0},"end":{"line":182,"column":0}},"182":{"start":{"line":183,"column":0},"end":{"line":183,"column":23}}},"s":{"0":1,"1":1,"2":1,"3":37,"4":37,"5":37,"6":37,"7":37,"8":37,"9":5,"10":37,"11":13,"12":32,"13":18,"14":18,"15":19,"16":1,"17":1,"18":37,"19":37,"20":37,"21":1,"22":1,"23":10,"24":10,"25":1,"26":1,"27":37,"28":37,"29":27,"30":27,"31":27,"32":37,"33":1,"34":1,"35":1,"36":1,"37":5,"38":5,"39":1,"40":28,"41":1,"42":1,"43":28,"44":27,"45":1,"46":1,"47":27,"48":26,"49":26,"50":27,"51":28,"52":1,"53":4,"54":1,"55":1,"56":4,"57":2,"58":2,"59":4,"60":1,"61":1,"62":4,"63":1,"64":3,"65":1,"66":1,"67":2,"68":2,"69":1,"70":1,"71":5,"72":1,"73":1,"74":1,"75":1,"76":1,"77":5,"78":1,"79":1,"80":1,"81":1,"82":1,"83":1,"84":1,"85":1,"86":4,"87":14,"88":3,"89":3,"90":14,"91":1,"92":1,"93":1,"94":2,"95":2,"96":18,"97":4,"98":4,"99":18,"100":2,"101":2,"102":1,"103":2,"104":2,"105":18,"106":6,"107":6,"108":18,"109":2,"110":2,"111":1,"112":2,"113":2,"114":16,"115":4,"116":4,"117":16,"118":2,"119":2,"120":1,"121":2,"122":2,"123":16,"124":6,"125":6,"126":16,"127":2,"128":2,"129":1,"130":1,"131":1,"132":8,"133":8,"134":1,"135":1,"136":1,"137":1,"138":4,"139":4,"140":4,"141":4,"142":4,"143":1,"144":1,"145":1,"146":1,"147":1,"148":1,"149":8,"150":16,"151":4,"152":4,"153":4,"154":16,"155":8,"156":1,"157":1,"158":1,"159":1,"160":1,"161":1,"162":8,"163":16,"164":2,"165":2,"166":16,"167":8,"168":6,"169":6,"170":6,"171":8,"172":1,"173":1,"174":1,"175":1,"176":1,"177":1,"178":1,"179":1,"180":1,"181":1,"182":1},"branchMap":{"0":{"type":"branch","line":3,"loc":{"start":{"line":3,"column":12},"end":{"line":33,"column":2}},"locations":[{"start":{"line":3,"column":12},"end":{"line":33,"column":2}}]},"1":{"type":"branch","line":8,"loc":{"start":{"line":8,"column":18},"end":{"line":19,"column":9}},"locations":[{"start":{"line":8,"column":18},"end":{"line":19,"column":9}}]},"2":{"type":"branch","line":9,"loc":{"start":{"line":9,"column":28},"end":{"line":11,"column":15}},"locations":[{"start":{"line":9,"column":28},"end":{"line":11,"column":15}}]},"3":{"type":"branch","line":11,"loc":{"start":{"line":11,"column":9},"end":{"line":18,"column":9}},"locations":[{"start":{"line":11,"column":9},"end":{"line":18,"column":9}}]},"4":{"type":"branch","line":11,"loc":{"start":{"line":11,"column":54},"end":{"line":13,"column":15}},"locations":[{"start":{"line":11,"column":54},"end":{"line":13,"column":15}}]},"5":{"type":"branch","line":13,"loc":{"start":{"line":13,"column":9},"end":{"line":18,"column":9}},"locations":[{"start":{"line":13,"column":9},"end":{"line":18,"column":9}}]},"6":{"type":"branch","line":13,"loc":{"start":{"line":13,"column":49},"end":{"line":16,"column":15}},"locations":[{"start":{"line":13,"column":49},"end":{"line":16,"column":15}}]},"7":{"type":"branch","line":16,"loc":{"start":{"line":16,"column":9},"end":{"line":18,"column":9}},"locations":[{"start":{"line":16,"column":9},"end":{"line":18,"column":9}}]},"8":{"type":"branch","line":21,"loc":{"start":{"line":21,"column":26},"end":{"line":27,"column":6}},"locations":[{"start":{"line":21,"column":26},"end":{"line":27,"column":6}}]},"9":{"type":"branch","line":23,"loc":{"start":{"line":23,"column":52},"end":{"line":25,"column":9}},"locations":[{"start":{"line":23,"column":52},"end":{"line":25,"column":9}}]},"10":{"type":"branch","line":29,"loc":{"start":{"line":29,"column":20},"end":{"line":32,"column":6}},"locations":[{"start":{"line":29,"column":20},"end":{"line":32,"column":6}}]},"11":{"type":"branch","line":37,"loc":{"start":{"line":37,"column":26},"end":{"line":39,"column":2}},"locations":[{"start":{"line":37,"column":26},"end":{"line":39,"column":2}}]},"12":{"type":"branch","line":40,"loc":{"start":{"line":40,"column":22},"end":{"line":52,"column":2}},"locations":[{"start":{"line":40,"column":22},"end":{"line":52,"column":2}}]},"13":{"type":"branch","line":41,"loc":{"start":{"line":41,"column":41},"end":{"line":44,"column":11}},"locations":[{"start":{"line":41,"column":41},"end":{"line":44,"column":11}}]},"14":{"type":"branch","line":44,"loc":{"start":{"line":44,"column":5},"end":{"line":51,"column":5}},"locations":[{"start":{"line":44,"column":5},"end":{"line":51,"column":5}}]},"15":{"type":"branch","line":45,"loc":{"start":{"line":45,"column":37},"end":{"line":48,"column":15}},"locations":[{"start":{"line":45,"column":37},"end":{"line":48,"column":15}}]},"16":{"type":"branch","line":48,"loc":{"start":{"line":48,"column":9},"end":{"line":50,"column":9}},"locations":[{"start":{"line":48,"column":9},"end":{"line":50,"column":9}}]},"17":{"type":"branch","line":53,"loc":{"start":{"line":53,"column":22},"end":{"line":63,"column":2}},"locations":[{"start":{"line":53,"column":22},"end":{"line":63,"column":2}}]},"18":{"type":"branch","line":54,"loc":{"start":{"line":54,"column":52},"end":{"line":56,"column":5}},"locations":[{"start":{"line":54,"column":52},"end":{"line":56,"column":5}}]},"19":{"type":"branch","line":57,"loc":{"start":{"line":57,"column":-1},"end":{"line":57,"column":8}},"locations":[{"start":{"line":57,"column":-1},"end":{"line":57,"column":8}}]},"20":{"type":"branch","line":57,"loc":{"start":{"line":57,"column":28},"end":{"line":60,"column":11}},"locations":[{"start":{"line":57,"column":28},"end":{"line":60,"column":11}}]},"21":{"type":"branch","line":60,"loc":{"start":{"line":60,"column":5},"end":{"line":62,"column":5}},"locations":[{"start":{"line":60,"column":5},"end":{"line":62,"column":5}}]},"22":{"type":"branch","line":64,"loc":{"start":{"line":64,"column":22},"end":{"line":69,"column":2}},"locations":[{"start":{"line":64,"column":22},"end":{"line":69,"column":2}}]},"23":{"type":"branch","line":65,"loc":{"start":{"line":65,"column":26},"end":{"line":67,"column":3}},"locations":[{"start":{"line":65,"column":26},"end":{"line":67,"column":3}}]},"24":{"type":"branch","line":68,"loc":{"start":{"line":68,"column":-1},"end":{"line":69,"column":2}},"locations":[{"start":{"line":68,"column":-1},"end":{"line":69,"column":2}}]},"25":{"type":"branch","line":70,"loc":{"start":{"line":70,"column":25},"end":{"line":79,"column":2}},"locations":[{"start":{"line":70,"column":25},"end":{"line":79,"column":2}}]},"26":{"type":"branch","line":71,"loc":{"start":{"line":71,"column":46},"end":{"line":78,"column":3}},"locations":[{"start":{"line":71,"column":46},"end":{"line":78,"column":3}}]},"27":{"type":"branch","line":72,"loc":{"start":{"line":72,"column":33},"end":{"line":77,"column":5}},"locations":[{"start":{"line":72,"column":33},"end":{"line":77,"column":5}}]},"28":{"type":"branch","line":80,"loc":{"start":{"line":80,"column":26},"end":{"line":82,"column":2}},"locations":[{"start":{"line":80,"column":26},"end":{"line":82,"column":2}}]},"29":{"type":"branch","line":83,"loc":{"start":{"line":83,"column":27},"end":{"line":85,"column":2}},"locations":[{"start":{"line":83,"column":27},"end":{"line":85,"column":2}}]},"30":{"type":"branch","line":86,"loc":{"start":{"line":86,"column":27},"end":{"line":93,"column":2}},"locations":[{"start":{"line":86,"column":27},"end":{"line":93,"column":2}}]},"31":{"type":"branch","line":87,"loc":{"start":{"line":87,"column":46},"end":{"line":91,"column":3}},"locations":[{"start":{"line":87,"column":46},"end":{"line":91,"column":3}}]},"32":{"type":"branch","line":88,"loc":{"start":{"line":88,"column":33},"end":{"line":90,"column":5}},"locations":[{"start":{"line":88,"column":33},"end":{"line":90,"column":5}}]},"33":{"type":"branch","line":92,"loc":{"start":{"line":92,"column":-1},"end":{"line":93,"column":2}},"locations":[{"start":{"line":92,"column":-1},"end":{"line":93,"column":2}}]},"34":{"type":"branch","line":94,"loc":{"start":{"line":94,"column":27},"end":{"line":102,"column":2}},"locations":[{"start":{"line":94,"column":27},"end":{"line":102,"column":2}}]},"35":{"type":"branch","line":96,"loc":{"start":{"line":96,"column":45},"end":{"line":100,"column":3}},"locations":[{"start":{"line":96,"column":45},"end":{"line":100,"column":3}}]},"36":{"type":"branch","line":97,"loc":{"start":{"line":97,"column":30},"end":{"line":99,"column":7}},"locations":[{"start":{"line":97,"column":30},"end":{"line":99,"column":7}}]},"37":{"type":"branch","line":103,"loc":{"start":{"line":103,"column":27},"end":{"line":111,"column":2}},"locations":[{"start":{"line":103,"column":27},"end":{"line":111,"column":2}}]},"38":{"type":"branch","line":105,"loc":{"start":{"line":105,"column":42},"end":{"line":109,"column":3}},"locations":[{"start":{"line":105,"column":42},"end":{"line":109,"column":3}}]},"39":{"type":"branch","line":106,"loc":{"start":{"line":106,"column":30},"end":{"line":108,"column":7}},"locations":[{"start":{"line":106,"column":30},"end":{"line":108,"column":7}}]},"40":{"type":"branch","line":112,"loc":{"start":{"line":112,"column":27},"end":{"line":120,"column":2}},"locations":[{"start":{"line":112,"column":27},"end":{"line":120,"column":2}}]},"41":{"type":"branch","line":114,"loc":{"start":{"line":114,"column":42},"end":{"line":118,"column":3}},"locations":[{"start":{"line":114,"column":42},"end":{"line":118,"column":3}}]},"42":{"type":"branch","line":115,"loc":{"start":{"line":115,"column":42},"end":{"line":117,"column":7}},"locations":[{"start":{"line":115,"column":42},"end":{"line":117,"column":7}}]},"43":{"type":"branch","line":121,"loc":{"start":{"line":121,"column":27},"end":{"line":129,"column":2}},"locations":[{"start":{"line":121,"column":27},"end":{"line":129,"column":2}}]},"44":{"type":"branch","line":123,"loc":{"start":{"line":123,"column":42},"end":{"line":127,"column":3}},"locations":[{"start":{"line":123,"column":42},"end":{"line":127,"column":3}}]},"45":{"type":"branch","line":124,"loc":{"start":{"line":124,"column":42},"end":{"line":126,"column":7}},"locations":[{"start":{"line":124,"column":42},"end":{"line":126,"column":7}}]},"46":{"type":"branch","line":130,"loc":{"start":{"line":130,"column":26},"end":{"line":136,"column":2}},"locations":[{"start":{"line":130,"column":26},"end":{"line":136,"column":2}}]},"47":{"type":"branch","line":132,"loc":{"start":{"line":132,"column":41},"end":{"line":134,"column":3}},"locations":[{"start":{"line":132,"column":41},"end":{"line":134,"column":3}}]},"48":{"type":"branch","line":137,"loc":{"start":{"line":137,"column":30},"end":{"line":145,"column":2}},"locations":[{"start":{"line":137,"column":30},"end":{"line":145,"column":2}}]},"49":{"type":"branch","line":138,"loc":{"start":{"line":138,"column":62},"end":{"line":143,"column":3}},"locations":[{"start":{"line":138,"column":62},"end":{"line":143,"column":3}}]},"50":{"type":"branch","line":146,"loc":{"start":{"line":146,"column":28},"end":{"line":158,"column":2}},"locations":[{"start":{"line":146,"column":28},"end":{"line":158,"column":2}}]},"51":{"type":"branch","line":149,"loc":{"start":{"line":149,"column":40},"end":{"line":156,"column":3}},"locations":[{"start":{"line":149,"column":40},"end":{"line":156,"column":3}}]},"52":{"type":"branch","line":150,"loc":{"start":{"line":150,"column":39},"end":{"line":155,"column":7}},"locations":[{"start":{"line":150,"column":39},"end":{"line":155,"column":7}}]},"53":{"type":"branch","line":151,"loc":{"start":{"line":151,"column":37},"end":{"line":154,"column":11}},"locations":[{"start":{"line":151,"column":37},"end":{"line":154,"column":11}}]},"54":{"type":"branch","line":159,"loc":{"start":{"line":159,"column":28},"end":{"line":174,"column":2}},"locations":[{"start":{"line":159,"column":28},"end":{"line":174,"column":2}}]},"55":{"type":"branch","line":162,"loc":{"start":{"line":162,"column":40},"end":{"line":172,"column":3}},"locations":[{"start":{"line":162,"column":40},"end":{"line":172,"column":3}}]},"56":{"type":"branch","line":163,"loc":{"start":{"line":163,"column":39},"end":{"line":167,"column":7}},"locations":[{"start":{"line":163,"column":39},"end":{"line":167,"column":7}}]},"57":{"type":"branch","line":164,"loc":{"start":{"line":164,"column":37},"end":{"line":166,"column":11}},"locations":[{"start":{"line":164,"column":37},"end":{"line":166,"column":11}}]},"58":{"type":"branch","line":168,"loc":{"start":{"line":168,"column":35},"end":{"line":171,"column":7}},"locations":[{"start":{"line":168,"column":35},"end":{"line":171,"column":7}}]},"59":{"type":"branch","line":175,"loc":{"start":{"line":175,"column":24},"end":{"line":179,"column":2}},"locations":[{"start":{"line":175,"column":24},"end":{"line":179,"column":2}}]}},"b":{"0":[37],"1":[37],"2":[5],"3":[32],"4":[13],"5":[19],"6":[18],"7":[1],"8":[1],"9":[10],"10":[27],"11":[5],"12":[28],"13":[1],"14":[27],"15":[1],"16":[26],"17":[4],"18":[1],"19":[3],"20":[2],"21":[1],"22":[3],"23":[1],"24":[2],"25":[1],"26":[5],"27":[1],"28":[1],"29":[1],"30":[4],"31":[14],"32":[3],"33":[1],"34":[2],"35":[18],"36":[4],"37":[2],"38":[18],"39":[6],"40":[2],"41":[16],"42":[4],"43":[2],"44":[16],"45":[6],"46":[1],"47":[8],"48":[1],"49":[4],"50":[1],"51":[8],"52":[16],"53":[4],"54":[1],"55":[8],"56":[16],"57":[2],"58":[6],"59":[1]},"fnMap":{"0":{"name":"AList","decl":{"start":{"line":3,"column":12},"end":{"line":33,"column":2}},"loc":{"start":{"line":3,"column":12},"end":{"line":33,"column":2}},"line":3},"1":{"name":"AList.ensureCapacity","decl":{"start":{"line":21,"column":26},"end":{"line":27,"column":6}},"loc":{"start":{"line":21,"column":26},"end":{"line":27,"column":6}},"line":21},"2":{"name":"AList.addValue","decl":{"start":{"line":29,"column":20},"end":{"line":32,"column":6}},"loc":{"start":{"line":29,"column":20},"end":{"line":32,"column":6}},"line":29},"3":{"name":"Object.<anonymous>.AList.getSize","decl":{"start":{"line":37,"column":26},"end":{"line":39,"column":2}},"loc":{"start":{"line":37,"column":26},"end":{"line":39,"column":2}},"line":37},"4":{"name":"Object.<anonymous>.AList.add","decl":{"start":{"line":40,"column":22},"end":{"line":52,"column":2}},"loc":{"start":{"line":40,"column":22},"end":{"line":52,"column":2}},"line":40},"5":{"name":"Object.<anonymous>.AList.set","decl":{"start":{"line":53,"column":22},"end":{"line":63,"column":2}},"loc":{"start":{"line":53,"column":22},"end":{"line":63,"column":2}},"line":53},"6":{"name":"Object.<anonymous>.AList.get","decl":{"start":{"line":64,"column":22},"end":{"line":69,"column":2}},"loc":{"start":{"line":64,"column":22},"end":{"line":69,"column":2}},"line":64},"7":{"name":"Object.<anonymous>.AList.remove","decl":{"start":{"line":70,"column":25},"end":{"line":79,"column":2}},"loc":{"start":{"line":70,"column":25},"end":{"line":79,"column":2}},"line":70},"8":{"name":"Object.<anonymous>.AList.toArray","decl":{"start":{"line":80,"column":26},"end":{"line":82,"column":2}},"loc":{"start":{"line":80,"column":26},"end":{"line":82,"column":2}},"line":80},"9":{"name":"Object.<anonymous>.AList.toString","decl":{"start":{"line":83,"column":27},"end":{"line":85,"column":2}},"loc":{"start":{"line":83,"column":27},"end":{"line":85,"column":2}},"line":83},"10":{"name":"Object.<anonymous>.AList.contains","decl":{"start":{"line":86,"column":27},"end":{"line":93,"column":2}},"loc":{"start":{"line":86,"column":27},"end":{"line":93,"column":2}},"line":86},"11":{"name":"Object.<anonymous>.AList.minValue","decl":{"start":{"line":94,"column":27},"end":{"line":102,"column":2}},"loc":{"start":{"line":94,"column":27},"end":{"line":102,"column":2}},"line":94},"12":{"name":"Object.<anonymous>.AList.maxValue","decl":{"start":{"line":103,"column":27},"end":{"line":111,"column":2}},"loc":{"start":{"line":103,"column":27},"end":{"line":111,"column":2}},"line":103},"13":{"name":"Object.<anonymous>.AList.minIndex","decl":{"start":{"line":112,"column":27},"end":{"line":120,"column":2}},"loc":{"start":{"line":112,"column":27},"end":{"line":120,"column":2}},"line":112},"14":{"name":"Object.<anonymous>.AList.maxIndex","decl":{"start":{"line":121,"column":27},"end":{"line":129,"column":2}},"loc":{"start":{"line":121,"column":27},"end":{"line":129,"column":2}},"line":121},"15":{"name":"Object.<anonymous>.AList.reverse","decl":{"start":{"line":130,"column":26},"end":{"line":136,"column":2}},"loc":{"start":{"line":130,"column":26},"end":{"line":136,"column":2}},"line":130},"16":{"name":"Object.<anonymous>.AList.halfReverse","decl":{"start":{"line":137,"column":30},"end":{"line":145,"column":2}},"loc":{"start":{"line":137,"column":30},"end":{"line":145,"column":2}},"line":137},"17":{"name":"Object.<anonymous>.AList.retainAll","decl":{"start":{"line":146,"column":28},"end":{"line":158,"column":2}},"loc":{"start":{"line":146,"column":28},"end":{"line":158,"column":2}},"line":146},"18":{"name":"Object.<anonymous>.AList.removeAll","decl":{"start":{"line":159,"column":28},"end":{"line":174,"column":2}},"loc":{"start":{"line":159,"column":28},"end":{"line":174,"column":2}},"line":159},"19":{"name":"Object.<anonymous>.AList.print","decl":{"start":{"line":175,"column":24},"end":{"line":179,"column":2}},"loc":{"start":{"line":175,"column":24},"end":{"line":179,"column":2}},"line":175}},"f":{"0":37,"1":1,"2":27,"3":5,"4":28,"5":4,"6":3,"7":1,"8":1,"9":1,"10":4,"11":2,"12":2,"13":2,"14":2,"15":1,"16":1,"17":1,"18":1,"19":1}}
,"C:\\Users\\Natalia\\Desktop\\AList\\IList.js": {"path":"C:\\Users\\Natalia\\Desktop\\AList\\IList.js","all":false,"statementMap":{"0":{"start":{"line":1,"column":0},"end":{"line":1,"column":32}},"1":{"start":{"line":2,"column":0},"end":{"line":2,"column":29}},"2":{"start":{"line":3,"column":0},"end":{"line":3,"column":15}},"3":{"start":{"line":4,"column":0},"end":{"line":4,"column":0}},"4":{"start":{"line":5,"column":0},"end":{"line":5,"column":70}},"5":{"start":{"line":6,"column":0},"end":{"line":6,"column":118}},"6":{"start":{"line":7,"column":0},"end":{"line":7,"column":77}},"7":{"start":{"line":8,"column":0},"end":{"line":8,"column":126}},"8":{"start":{"line":9,"column":0},"end":{"line":9,"column":86}},"9":{"start":{"line":10,"column":0},"end":{"line":10,"column":94}},"10":{"start":{"line":11,"column":0},"end":{"line":11,"column":81}},"11":{"start":{"line":12,"column":0},"end":{"line":12,"column":86}},"12":{"start":{"line":13,"column":0},"end":{"line":13,"column":114}},"13":{"start":{"line":14,"column":0},"end":{"line":14,"column":87}},"14":{"start":{"line":15,"column":0},"end":{"line":15,"column":86}},"15":{"start":{"line":16,"column":0},"end":{"line":16,"column":96}},"16":{"start":{"line":17,"column":0},"end":{"line":17,"column":95}},"17":{"start":{"line":18,"column":0},"end":{"line":18,"column":71}},"18":{"start":{"line":19,"column":0},"end":{"line":19,"column":86}},"19":{"start":{"line":20,"column":0},"end":{"line":20,"column":65}},"20":{"start":{"line":21,"column":0},"end":{"line":21,"column":15}},"21":{"start":{"line":22,"column":0},"end":{"line":22,"column":175}},"22":{"start":{"line":23,"column":0},"end":{"line":23,"column":173}},"23":{"start":{"line":24,"column":0},"end":{"line":24,"column":90}},"24":{"start":{"line":25,"column":0},"end":{"line":25,"column":89}},"25":{"start":{"line":26,"column":0},"end":{"line":26,"column":0}},"26":{"start":{"line":27,"column":0},"end":{"line":27,"column":23}}},"s":{"0":1,"1":37,"2":1,"3":1,"4":1,"5":1,"6":1,"7":1,"8":1,"9":1,"10":1,"11":1,"12":1,"13":1,"14":1,"15":1,"16":1,"17":1,"18":1,"19":1,"20":1,"21":1,"22":1,"23":1,"24":1,"25":1,"26":1},"branchMap":{"0":{"type":"branch","line":1,"loc":{"start":{"line":1,"column":12},"end":{"line":3,"column":3}},"locations":[{"start":{"line":1,"column":12},"end":{"line":3,"column":3}}]},"1":{"type":"branch","line":5,"loc":{"start":{"line":5,"column":24},"end":{"line":5,"column":40}},"locations":[{"start":{"line":5,"column":24},"end":{"line":5,"column":40}}]}},"b":{"0":[37],"1":[4]},"fnMap":{"0":{"name":"IList","decl":{"start":{"line":1,"column":12},"end":{"line":3,"column":3}},"loc":{"start":{"line":1,"column":12},"end":{"line":3,"column":3}},"line":1},"1":{"name":"Object.<anonymous>.IList.clear","decl":{"start":{"line":5,"column":24},"end":{"line":5,"column":40}},"loc":{"start":{"line":5,"column":24},"end":{"line":5,"column":40}},"line":5},"2":{"name":"Object.<anonymous>.IList.getSize","decl":{"start":{"line":6,"column":26},"end":{"line":6,"column":42}},"loc":{"start":{"line":6,"column":26},"end":{"line":6,"column":42}},"line":6},"3":{"name":"Object.<anonymous>.IList.add","decl":{"start":{"line":7,"column":22},"end":{"line":7,"column":43}},"loc":{"start":{"line":7,"column":22},"end":{"line":7,"column":43}},"line":7},"4":{"name":"Object.<anonymous>.IList.set","decl":{"start":{"line":8,"column":22},"end":{"line":8,"column":50}},"loc":{"start":{"line":8,"column":22},"end":{"line":8,"column":50}},"line":8},"5":{"name":"Object.<anonymous>.IList.get","decl":{"start":{"line":9,"column":22},"end":{"line":9,"column":43}},"loc":{"start":{"line":9,"column":22},"end":{"line":9,"column":43}},"line":9},"6":{"name":"Object.<anonymous>.IList.remove","decl":{"start":{"line":10,"column":25},"end":{"line":10,"column":46}},"loc":{"start":{"line":10,"column":25},"end":{"line":10,"column":46}},"line":10},"7":{"name":"Object.<anonymous>.IList.toArray","decl":{"start":{"line":11,"column":26},"end":{"line":11,"column":42}},"loc":{"start":{"line":11,"column":26},"end":{"line":11,"column":42}},"line":11},"8":{"name":"Object.<anonymous>.IList.toString","decl":{"start":{"line":12,"column":27},"end":{"line":12,"column":43}},"loc":{"start":{"line":12,"column":27},"end":{"line":12,"column":43}},"line":12},"9":{"name":"Object.<anonymous>.IList.contains","decl":{"start":{"line":13,"column":27},"end":{"line":13,"column":48}},"loc":{"start":{"line":13,"column":27},"end":{"line":13,"column":48}},"line":13},"10":{"name":"Object.<anonymous>.IList.minValue","decl":{"start":{"line":14,"column":27},"end":{"line":14,"column":43}},"loc":{"start":{"line":14,"column":27},"end":{"line":14,"column":43}},"line":14},"11":{"name":"Object.<anonymous>.IList.maxValue","decl":{"start":{"line":15,"column":27},"end":{"line":15,"column":43}},"loc":{"start":{"line":15,"column":27},"end":{"line":15,"column":43}},"line":15},"12":{"name":"Object.<anonymous>.IList.minIndex","decl":{"start":{"line":16,"column":27},"end":{"line":16,"column":43}},"loc":{"start":{"line":16,"column":27},"end":{"line":16,"column":43}},"line":16},"13":{"name":"Object.<anonymous>.IList.maxIndex","decl":{"start":{"line":17,"column":27},"end":{"line":17,"column":43}},"loc":{"start":{"line":17,"column":27},"end":{"line":17,"column":43}},"line":17},"14":{"name":"Object.<anonymous>.IList.reverse","decl":{"start":{"line":18,"column":26},"end":{"line":18,"column":42}},"loc":{"start":{"line":18,"column":26},"end":{"line":18,"column":42}},"line":18},"15":{"name":"Object.<anonymous>.IList.halfReverse","decl":{"start":{"line":19,"column":30},"end":{"line":19,"column":46}},"loc":{"start":{"line":19,"column":30},"end":{"line":19,"column":46}},"line":19},"16":{"name":"Object.<anonymous>.IList.retainAll","decl":{"start":{"line":22,"column":28},"end":{"line":22,"column":49}},"loc":{"start":{"line":22,"column":28},"end":{"line":22,"column":49}},"line":22},"17":{"name":"Object.<anonymous>.IList.removeAll","decl":{"start":{"line":23,"column":28},"end":{"line":23,"column":49}},"loc":{"start":{"line":23,"column":28},"end":{"line":23,"column":49}},"line":23},"18":{"name":"Object.<anonymous>.IList.sort","decl":{"start":{"line":24,"column":23},"end":{"line":24,"column":39}},"loc":{"start":{"line":24,"column":23},"end":{"line":24,"column":39}},"line":24},"19":{"name":"Object.<anonymous>.IList.print","decl":{"start":{"line":25,"column":24},"end":{"line":25,"column":40}},"loc":{"start":{"line":25,"column":24},"end":{"line":25,"column":40}},"line":25}},"f":{"0":37,"1":4,"2":0,"3":0,"4":0,"5":0,"6":0,"7":0,"8":0,"9":0,"10":0,"11":0,"12":0,"13":0,"14":0,"15":0,"16":0,"17":0,"18":0,"19":0}}
}
