TN:
SF:AList.js
FN:3,AList
FN:21,AList.ensureCapacity
FN:29,AList.addValue
FN:37,Object.<anonymous>.AList.getSize
FN:40,Object.<anonymous>.AList.add
FN:53,Object.<anonymous>.AList.set
FN:64,Object.<anonymous>.AList.get
FN:70,Object.<anonymous>.AList.remove
FN:80,Object.<anonymous>.AList.toArray
FN:83,Object.<anonymous>.AList.toString
FN:86,Object.<anonymous>.AList.contains
FN:94,Object.<anonymous>.AList.minValue
FN:103,Object.<anonymous>.AList.maxValue
FN:112,Object.<anonymous>.AList.minIndex
FN:121,Object.<anonymous>.AList.maxIndex
FN:130,Object.<anonymous>.AList.reverse
FN:137,Object.<anonymous>.AList.halfReverse
FN:146,Object.<anonymous>.AList.retainAll
FN:159,Object.<anonymous>.AList.removeAll
FN:175,Object.<anonymous>.AList.print
FNF:20
FNH:20
FNDA:37,AList
FNDA:1,AList.ensureCapacity
FNDA:27,AList.addValue
FNDA:5,Object.<anonymous>.AList.getSize
FNDA:28,Object.<anonymous>.AList.add
FNDA:4,Object.<anonymous>.AList.set
FNDA:3,Object.<anonymous>.AList.get
FNDA:1,Object.<anonymous>.AList.remove
FNDA:1,Object.<anonymous>.AList.toArray
FNDA:1,Object.<anonymous>.AList.toString
FNDA:4,Object.<anonymous>.AList.contains
FNDA:2,Object.<anonymous>.AList.minValue
FNDA:2,Object.<anonymous>.AList.maxValue
FNDA:2,Object.<anonymous>.AList.minIndex
FNDA:2,Object.<anonymous>.AList.maxIndex
FNDA:1,Object.<anonymous>.AList.reverse
FNDA:1,Object.<anonymous>.AList.halfReverse
FNDA:1,Object.<anonymous>.AList.retainAll
FNDA:1,Object.<anonymous>.AList.removeAll
FNDA:1,Object.<anonymous>.AList.print
DA:1,1
DA:2,1
DA:3,1
DA:4,37
DA:5,37
DA:6,37
DA:7,37
DA:8,37
DA:9,37
DA:10,5
DA:11,37
DA:12,13
DA:13,32
DA:14,18
DA:15,18
DA:16,19
DA:17,1
DA:18,1
DA:19,37
DA:20,37
DA:21,37
DA:22,1
DA:23,1
DA:24,10
DA:25,10
DA:26,1
DA:27,1
DA:28,37
DA:29,37
DA:30,27
DA:31,27
DA:32,27
DA:33,37
DA:34,1
DA:35,1
DA:36,1
DA:37,1
DA:38,5
DA:39,5
DA:40,1
DA:41,28
DA:42,1
DA:43,1
DA:44,28
DA:45,27
DA:46,1
DA:47,1
DA:48,27
DA:49,26
DA:50,26
DA:51,27
DA:52,28
DA:53,1
DA:54,4
DA:55,1
DA:56,1
DA:57,4
DA:58,2
DA:59,2
DA:60,4
DA:61,1
DA:62,1
DA:63,4
DA:64,1
DA:65,3
DA:66,1
DA:67,1
DA:68,2
DA:69,2
DA:70,1
DA:71,1
DA:72,5
DA:73,1
DA:74,1
DA:75,1
DA:76,1
DA:77,1
DA:78,5
DA:79,1
DA:80,1
DA:81,1
DA:82,1
DA:83,1
DA:84,1
DA:85,1
DA:86,1
DA:87,4
DA:88,14
DA:89,3
DA:90,3
DA:91,14
DA:92,1
DA:93,1
DA:94,1
DA:95,2
DA:96,2
DA:97,18
DA:98,4
DA:99,4
DA:100,18
DA:101,2
DA:102,2
DA:103,1
DA:104,2
DA:105,2
DA:106,18
DA:107,6
DA:108,6
DA:109,18
DA:110,2
DA:111,2
DA:112,1
DA:113,2
DA:114,2
DA:115,16
DA:116,4
DA:117,4
DA:118,16
DA:119,2
DA:120,2
DA:121,1
DA:122,2
DA:123,2
DA:124,16
DA:125,6
DA:126,6
DA:127,16
DA:128,2
DA:129,2
DA:130,1
DA:131,1
DA:132,1
DA:133,8
DA:134,8
DA:135,1
DA:136,1
DA:137,1
DA:138,1
DA:139,4
DA:140,4
DA:141,4
DA:142,4
DA:143,4
DA:144,1
DA:145,1
DA:146,1
DA:147,1
DA:148,1
DA:149,1
DA:150,8
DA:151,16
DA:152,4
DA:153,4
DA:154,4
DA:155,16
DA:156,8
DA:157,1
DA:158,1
DA:159,1
DA:160,1
DA:161,1
DA:162,1
DA:163,8
DA:164,16
DA:165,2
DA:166,2
DA:167,16
DA:168,8
DA:169,6
DA:170,6
DA:171,6
DA:172,8
DA:173,1
DA:174,1
DA:175,1
DA:176,1
DA:177,1
DA:178,1
DA:179,1
DA:180,1
DA:181,1
DA:182,1
DA:183,1
LF:183
LH:183
BRDA:3,0,0,37
BRDA:8,1,0,37
BRDA:9,2,0,5
BRDA:11,3,0,32
BRDA:11,4,0,13
BRDA:13,5,0,19
BRDA:13,6,0,18
BRDA:16,7,0,1
BRDA:21,8,0,1
BRDA:23,9,0,10
BRDA:29,10,0,27
BRDA:37,11,0,5
BRDA:40,12,0,28
BRDA:41,13,0,1
BRDA:44,14,0,27
BRDA:45,15,0,1
BRDA:48,16,0,26
BRDA:53,17,0,4
BRDA:54,18,0,1
BRDA:57,19,0,3
BRDA:57,20,0,2
BRDA:60,21,0,1
BRDA:64,22,0,3
BRDA:65,23,0,1
BRDA:68,24,0,2
BRDA:70,25,0,1
BRDA:71,26,0,5
BRDA:72,27,0,1
BRDA:80,28,0,1
BRDA:83,29,0,1
BRDA:86,30,0,4
BRDA:87,31,0,14
BRDA:88,32,0,3
BRDA:92,33,0,1
BRDA:94,34,0,2
BRDA:96,35,0,18
BRDA:97,36,0,4
BRDA:103,37,0,2
BRDA:105,38,0,18
BRDA:106,39,0,6
BRDA:112,40,0,2
BRDA:114,41,0,16
BRDA:115,42,0,4
BRDA:121,43,0,2
BRDA:123,44,0,16
BRDA:124,45,0,6
BRDA:130,46,0,1
BRDA:132,47,0,8
BRDA:137,48,0,1
BRDA:138,49,0,4
BRDA:146,50,0,1
BRDA:149,51,0,8
BRDA:150,52,0,16
BRDA:151,53,0,4
BRDA:159,54,0,1
BRDA:162,55,0,8
BRDA:163,56,0,16
BRDA:164,57,0,2
BRDA:168,58,0,6
BRDA:175,59,0,1
BRF:60
BRH:60
end_of_record
TN:
SF:IList.js
FN:1,IList
FN:5,Object.<anonymous>.IList.clear
FN:6,Object.<anonymous>.IList.getSize
FN:7,Object.<anonymous>.IList.add
FN:8,Object.<anonymous>.IList.set
FN:9,Object.<anonymous>.IList.get
FN:10,Object.<anonymous>.IList.remove
FN:11,Object.<anonymous>.IList.toArray
FN:12,Object.<anonymous>.IList.toString
FN:13,Object.<anonymous>.IList.contains
FN:14,Object.<anonymous>.IList.minValue
FN:15,Object.<anonymous>.IList.maxValue
FN:16,Object.<anonymous>.IList.minIndex
FN:17,Object.<anonymous>.IList.maxIndex
FN:18,Object.<anonymous>.IList.reverse
FN:19,Object.<anonymous>.IList.halfReverse
FN:22,Object.<anonymous>.IList.retainAll
FN:23,Object.<anonymous>.IList.removeAll
FN:24,Object.<anonymous>.IList.sort
FN:25,Object.<anonymous>.IList.print
FNF:20
FNH:2
FNDA:37,IList
FNDA:4,Object.<anonymous>.IList.clear
FNDA:0,Object.<anonymous>.IList.getSize
FNDA:0,Object.<anonymous>.IList.add
FNDA:0,Object.<anonymous>.IList.set
FNDA:0,Object.<anonymous>.IList.get
FNDA:0,Object.<anonymous>.IList.remove
FNDA:0,Object.<anonymous>.IList.toArray
FNDA:0,Object.<anonymous>.IList.toString
FNDA:0,Object.<anonymous>.IList.contains
FNDA:0,Object.<anonymous>.IList.minValue
FNDA:0,Object.<anonymous>.IList.maxValue
FNDA:0,Object.<anonymous>.IList.minIndex
FNDA:0,Object.<anonymous>.IList.maxIndex
FNDA:0,Object.<anonymous>.IList.reverse
FNDA:0,Object.<anonymous>.IList.halfReverse
FNDA:0,Object.<anonymous>.IList.retainAll
FNDA:0,Object.<anonymous>.IList.removeAll
FNDA:0,Object.<anonymous>.IList.sort
FNDA:0,Object.<anonymous>.IList.print
DA:1,1
DA:2,37
DA:3,1
DA:4,1
DA:5,1
DA:6,1
DA:7,1
DA:8,1
DA:9,1
DA:10,1
DA:11,1
DA:12,1
DA:13,1
DA:14,1
DA:15,1
DA:16,1
DA:17,1
DA:18,1
DA:19,1
DA:20,1
DA:21,1
DA:22,1
DA:23,1
DA:24,1
DA:25,1
DA:26,1
DA:27,1
LF:27
LH:27
BRDA:1,0,0,37
BRDA:5,1,0,4
BRF:2
BRH:2
end_of_record
